#
# A fatal error has been detected by the Java Runtime Environment:
#
#  Internal Error (classFileParser.cpp:3375), pid=4722, tid=3063872368
#  Error: ShouldNotReachHere()
#
# JRE version: 6.0_22-b22
# Java VM: OpenJDK Server VM (19.0-b09 mixed mode linux-x86 )
# Derivative: IcedTea6 1.10.1
# Distribution: Custom build (Mon Apr  4 16:56:33 UTC 2011)
# If you would like to submit a bug report, please include
# instructions how to reproduce the bug and visit:
#   http://icedtea.classpath.org/bugzilla
#

---------------  T H R E A D  ---------------

Current thread (0x08ef2c00):  JavaThread "Unknown thread" [_thread_in_vm, id=4727, stack(0xb699f000,0xb69f0000)]

Stack: [0xb699f000,0xb69f0000],  sp=0xb69ee750,  free space=317k
Native frames: (J=compiled Java code, j=interpreted, Vv=VM code, C=native code)
V  [libjvm.so+0x6bd54e]
V  [libjvm.so+0x6bd79b]
V  [libjvm.so+0x2c91bf]
V  [libjvm.so+0x2c9306]
V  [libjvm.so+0x260770]
V  [libjvm.so+0x2651d8]
V  [libjvm.so+0x648180]
V  [libjvm.so+0x64665e]
V  [libjvm.so+0x6470e1]
V  [libjvm.so+0x6488f1]
V  [libjvm.so+0x6489ec]
V  [libjvm.so+0x648a9f]
V  [libjvm.so+0x648b0e]
V  [libjvm.so+0x64c1ce]
V  [libjvm.so+0x648bfd]
V  [libjvm.so+0x648f20]
V  [libjvm.so+0x69402d]
V  [libjvm.so+0x694a17]
V  [libjvm.so+0x38ca5a]
V  [libjvm.so+0x67f98a]
V  [libjvm.so+0x3df24f]
C  [java+0x1938]  JavaMain+0x88
C  [libpthread.so.0+0x6c77]


---------------  P R O C E S S  ---------------

Java Threads: ( => current thread )

Other Threads:

=>0x08ef2c00 (exited) JavaThread "Unknown thread" [_thread_in_vm, id=4727, stack(0xb699f000,0xb69f0000)]

VM state:not at safepoint (not fully initialized)

VM Mutex/Monitor currently owned by a thread: None

Dynamic libraries:
08048000-08050000 r-xp 00000000 08:03 42809      /usr/lib/jvm/java-6-openjdk/bin/java
08050000-08051000 rw-p 00008000 08:03 42809      /usr/lib/jvm/java-6-openjdk/bin/java
08eec000-08f52000 rw-p 00000000 00:00 0          [heap]
8b4cd000-8b532000 r--s 004cb000 08:04 398273     /home/tim/Downloads/android-sdk-linux_x86/platforms/android-8/android.jar
8b532000-8b533000 ---p 00000000 00:00 0 
8b533000-8b5b3000 rw-p 00000000 00:00 0 
8b5b3000-8b5b4000 ---p 00000000 00:00 0 
8b5b4000-8b63c000 rw-p 00000000 00:00 0 
8b63c000-8b674000 rw-p 00000000 00:00 0 
8b674000-8b67f000 rw-p 00000000 00:00 0 
8b67f000-8b71f000 rw-p 00000000 00:00 0 
8b71f000-8b727000 rw-p 00000000 00:00 0 
8b727000-8b75f000 rw-p 00000000 00:00 0 
8b75f000-8b76a000 rw-p 00000000 00:00 0 
8b76a000-8b809000 rw-p 00000000 00:00 0 
8b809000-8b80f000 rw-p 00000000 00:00 0 
8b80f000-8b85f000 rw-p 00000000 00:00 0 
8b85f000-8c860000 rw-p 00000000 00:00 0 
8c860000-93860000 rw-p 00000000 00:00 0 
93860000-94d40000 rw-p 00000000 00:00 0 
94d40000-a8dc0000 rw-p 00000000 00:00 0 
a8dc0000-a9830000 rw-p 00000000 00:00 0 
a9830000-b3860000 rw-p 00000000 00:00 0 
b386d000-b3876000 rw-p 00000000 00:00 0 
b3876000-b392d000 rw-p 00000000 00:00 0 
b392d000-b3b6d000 rwxp 00000000 00:00 0 
b3b6d000-b692d000 rw-p 00000000 00:00 0 
b692d000-b6938000 r-xp 00000000 08:03 131243     /lib/libnss_files-2.13.so
b6938000-b6939000 r--p 0000a000 08:03 131243     /lib/libnss_files-2.13.so
b6939000-b693a000 rw-p 0000b000 08:03 131243     /lib/libnss_files-2.13.so
b693a000-b694f000 r-xp 00000000 08:03 131230     /lib/libnsl-2.13.so
b694f000-b6950000 r--p 00015000 08:03 131230     /lib/libnsl-2.13.so
b6950000-b6951000 rw-p 00016000 08:03 131230     /lib/libnsl-2.13.so
b6951000-b6953000 rw-p 00000000 00:00 0 
b6960000-b6967000 r-xp 00000000 08:03 36722      /usr/lib/jvm/java-6-openjdk/jre/lib/i386/libzip.so
b6967000-b6968000 rw-p 00006000 08:03 36722      /usr/lib/jvm/java-6-openjdk/jre/lib/i386/libzip.so
b6968000-b6970000 rw-s 00000000 08:03 406988     /tmp/hsperfdata_tim/4722
b6970000-b6994000 r-xp 00000000 08:03 36730      /usr/lib/jvm/java-6-openjdk/jre/lib/i386/libjava.so
b6994000-b6996000 rw-p 00023000 08:03 36730      /usr/lib/jvm/java-6-openjdk/jre/lib/i386/libjava.so
b6996000-b699d000 r-xp 00000000 08:03 135199     /lib/librt-2.13.so
b699d000-b699e000 r--p 00006000 08:03 135199     /lib/librt-2.13.so
b699e000-b699f000 rw-p 00007000 08:03 135199     /lib/librt-2.13.so
b699f000-b69a2000 ---p 00000000 00:00 0 
b69a2000-b69f0000 rw-p 00000000 00:00 0 
b69f0000-b6a0c000 r-xp 00000000 08:03 296008     /usr/lib/libgcc_s.so.1
b6a0c000-b6a0d000 rw-p 0001b000 08:03 296008     /usr/lib/libgcc_s.so.1
b6a0d000-b6a35000 r-xp 00000000 08:03 131188     /lib/libm-2.13.so
b6a35000-b6a36000 r--p 00027000 08:03 131188     /lib/libm-2.13.so
b6a36000-b6a37000 rw-p 00028000 08:03 131188     /lib/libm-2.13.so
b6a37000-b6b19000 r-xp 00000000 08:03 273250     /usr/lib/libstdc++.so.6.0.16
b6b19000-b6b1d000 r--p 000e1000 08:03 273250     /usr/lib/libstdc++.so.6.0.16
b6b1d000-b6b1e000 rw-p 000e5000 08:03 273250     /usr/lib/libstdc++.so.6.0.16
b6b1e000-b6b25000 rw-p 00000000 00:00 0 
b6b25000-b7250000 r-xp 00000000 08:03 36760      /usr/lib/jvm/java-6-openjdk/jre/lib/i386/server/libjvm.so
b7250000-b72a3000 rw-p 0072b000 08:03 36760      /usr/lib/jvm/java-6-openjdk/jre/lib/i386/server/libjvm.so
b72a3000-b76be000 rw-p 00000000 00:00 0 
b76be000-b781d000 r-xp 00000000 08:03 131189     /lib/libc-2.13.so
b781d000-b781e000 ---p 0015f000 08:03 131189     /lib/libc-2.13.so
b781e000-b7820000 r--p 0015f000 08:03 131189     /lib/libc-2.13.so
b7820000-b7821000 rw-p 00161000 08:03 131189     /lib/libc-2.13.so
b7821000-b7824000 rw-p 00000000 00:00 0 
b7824000-b7827000 r-xp 00000000 08:03 131165     /lib/libdl-2.13.so
b7827000-b7828000 r--p 00002000 08:03 131165     /lib/libdl-2.13.so
b7828000-b7829000 rw-p 00003000 08:03 131165     /lib/libdl-2.13.so
b7829000-b782a000 rw-p 00000000 00:00 0 
b782a000-b782d000 r-xp 00000000 08:03 40469      /usr/lib/jvm/java-6-openjdk/jre/lib/i386/jli/libjli.so
b782d000-b782e000 rw-p 00003000 08:03 40469      /usr/lib/jvm/java-6-openjdk/jre/lib/i386/jli/libjli.so
b782e000-b7845000 r-xp 00000000 08:03 131184     /lib/libpthread-2.13.so
b7845000-b7846000 r--p 00016000 08:03 131184     /lib/libpthread-2.13.so
b7846000-b7847000 rw-p 00017000 08:03 131184     /lib/libpthread-2.13.so
b7847000-b7849000 rw-p 00000000 00:00 0 
b7849000-b785d000 r-xp 00000000 08:03 274255     /usr/lib/libz.so.1.2.5
b785d000-b785e000 rw-p 00013000 08:03 274255     /usr/lib/libz.so.1.2.5
b7865000-b786c000 r-xp 00000000 08:03 36766      /usr/lib/jvm/java-6-openjdk/jre/lib/i386/native_threads/libhpi.so
b786c000-b786d000 rw-p 00006000 08:03 36766      /usr/lib/jvm/java-6-openjdk/jre/lib/i386/native_threads/libhpi.so
b786d000-b786e000 rw-p 00000000 00:00 0 
b786e000-b786f000 r--p 00000000 00:00 0 
b786f000-b787a000 r-xp 00000000 08:03 36687      /usr/lib/jvm/java-6-openjdk/jre/lib/i386/libverify.so
b787a000-b787b000 rw-p 0000b000 08:03 36687      /usr/lib/jvm/java-6-openjdk/jre/lib/i386/libverify.so
b787b000-b787c000 rw-p 00000000 00:00 0 
b787c000-b787d000 r-xp 00000000 00:00 0          [vdso]
b787d000-b789b000 r-xp 00000000 08:03 131236     /lib/ld-2.13.so
b789b000-b789c000 r--p 0001d000 08:03 131236     /lib/ld-2.13.so
b789c000-b789d000 rw-p 0001e000 08:03 131236     /lib/ld-2.13.so
bfb11000-bfb32000 rw-p 00000000 00:00 0          [stack]

VM Arguments:
jvm_args: -Dfile.encoding=UTF-8 -Xbootclasspath:/home/tim/Downloads/android-sdk-linux_x86/platforms/android-8/android.jar 
java_command: api.forum.Tester
Launcher Type: SUN_STANDARD

Environment Variables:
JAVA_HOME=/usr/lib/jvm/java-6-openjdk
PATH=/usr/local/bin:/usr/bin:/bin:/usr/local/sbin:/usr/sbin:/sbin:/opt/android-sdk/tools:/opt/kde/bin:/usr/bin/core_perl:/opt/qt/bin
LD_LIBRARY_PATH=/usr/lib/jvm/java-6-openjdk/jre/lib/i386/server:/usr/lib/jvm/java-6-openjdk/jre/lib/i386:/usr/lib/jvm/java-6-openjdk/jre/../lib/i386:/usr/lib/jvm/java-6-openjdk/jre/lib/i386/client:/usr/lib/jvm/java-6-openjdk/jre/lib/i386:
SHELL=/bin/bash
DISPLAY=:0.0

Signal Handlers:
SIGSEGV: [libjvm.so+0x6be210], sa_mask[0]=0x7ffbfeff, sa_flags=0x10000004
SIGBUS: [libjvm.so+0x6be210], sa_mask[0]=0x7ffbfeff, sa_flags=0x10000004
SIGFPE: [libjvm.so+0x564c60], sa_mask[0]=0x7ffbfeff, sa_flags=0x10000004
SIGPIPE: [libjvm.so+0x564c60], sa_mask[0]=0x7ffbfeff, sa_flags=0x10000004
SIGXFSZ: [libjvm.so+0x564c60], sa_mask[0]=0x7ffbfeff, sa_flags=0x10000004
SIGILL: [libjvm.so+0x564c60], sa_mask[0]=0x7ffbfeff, sa_flags=0x10000004
SIGUSR1: SIG_DFL, sa_mask[0]=0x00000000, sa_flags=0x00000000
SIGUSR2: [libjvm.so+0x564ad0], sa_mask[0]=0x00000004, sa_flags=0x10000004
SIGHUP: SIG_DFL, sa_mask[0]=0x00000000, sa_flags=0x00000000
SIGINT: SIG_DFL, sa_mask[0]=0x00000000, sa_flags=0x00000000
SIGTERM: SIG_DFL, sa_mask[0]=0x00000000, sa_flags=0x00000000
SIGQUIT: SIG_DFL, sa_mask[0]=0x00000000, sa_flags=0x00000000


---------------  S Y S T E M  ---------------

OS:Linux
uname:Linux 2.6.38-ARCH #1 SMP PREEMPT Mon May 23 20:04:02 UTC 2011 i686
libc:glibc 2.13 NPTL 2.13 
rlimit: STACK 8192k, CORE 0k, NPROC 16012, NOFILE 1024, AS infinity
load average:0.17 0.18 0.16

/proc/meminfo:
MemTotal:        2051720 kB
MemFree:         1012568 kB
Buffers:           49108 kB
Cached:           449508 kB
SwapCached:            0 kB
Active:           641896 kB
Inactive:         348332 kB
Active(anon):     535300 kB
Inactive(anon):    35408 kB
Active(file):     106596 kB
Inactive(file):   312924 kB
Unevictable:           0 kB
Mlocked:               0 kB
HighTotal:       1175848 kB
HighFree:         298788 kB
LowTotal:         875872 kB
LowFree:          713780 kB
SwapTotal:        530140 kB
SwapFree:         530140 kB
Dirty:               100 kB
Writeback:             0 kB
AnonPages:        491632 kB
Mapped:            85228 kB
Shmem:             78944 kB
Slab:              29012 kB
SReclaimable:      16512 kB
SUnreclaim:        12500 kB
KernelStack:        2184 kB
PageTables:         4096 kB
NFS_Unstable:          0 kB
Bounce:                0 kB
WritebackTmp:          0 kB
CommitLimit:     1556000 kB
Committed_AS:    1345628 kB
VmallocTotal:     122880 kB
VmallocUsed:       16460 kB
VmallocChunk:      81352 kB
HardwareCorrupted:     0 kB
AnonHugePages:    163840 kB
HugePages_Total:       0
HugePages_Free:        0
HugePages_Rsvd:        0
HugePages_Surp:        0
Hugepagesize:       4096 kB
DirectMap4k:       20472 kB
DirectMap4M:      888832 kB


CPU:total 2 (1 cores per cpu, 2 threads per core) family 6 model 28 stepping 10, cmov, cx8, fxsr, mmx, sse, sse2, sse3, ssse3, ht

Memory: 4k page, physical 2051720k(1012568k free), swap 530140k(530140k free)

vm_info: OpenJDK Server VM (19.0-b09) for linux-x86 JRE (1.6.0_22-b22), built on Apr  4 2011 16:59:34 by "nobody" with gcc 4.5.2 20110127 (prerelease)

time: Sat Jul  2 03:00:34 2011
elapsed time: 0 seconds

