#
# A fatal error has been detected by the Java Runtime Environment:
#
#  Internal Error (classFileParser.cpp:3375), pid=4462, tid=3064056688
#  Error: ShouldNotReachHere()
#
# JRE version: 6.0_22-b22
# Java VM: OpenJDK Server VM (19.0-b09 mixed mode linux-x86 )
# Derivative: IcedTea6 1.10.1
# Distribution: Custom build (Mon Apr  4 16:56:33 UTC 2011)
# If you would like to submit a bug report, please include
# instructions how to reproduce the bug and visit:
#   http://icedtea.classpath.org/bugzilla
#

---------------  T H R E A D  ---------------

Current thread (0x09685c00):  JavaThread "Unknown thread" [_thread_in_vm, id=4463, stack(0xb69cc000,0xb6a1d000)]

Stack: [0xb69cc000,0xb6a1d000],  sp=0xb6a1b750,  free space=317k
Native frames: (J=compiled Java code, j=interpreted, Vv=VM code, C=native code)
V  [libjvm.so+0x6bd54e]
V  [libjvm.so+0x6bd79b]
V  [libjvm.so+0x2c91bf]
V  [libjvm.so+0x2c9306]
V  [libjvm.so+0x260770]
V  [libjvm.so+0x2651d8]
V  [libjvm.so+0x648180]
V  [libjvm.so+0x64665e]
V  [libjvm.so+0x6470e1]
V  [libjvm.so+0x6488f1]
V  [libjvm.so+0x6489ec]
V  [libjvm.so+0x648a9f]
V  [libjvm.so+0x648b0e]
V  [libjvm.so+0x64c1ce]
V  [libjvm.so+0x648bfd]
V  [libjvm.so+0x648f20]
V  [libjvm.so+0x69402d]
V  [libjvm.so+0x694a17]
V  [libjvm.so+0x38ca5a]
V  [libjvm.so+0x67f98a]
V  [libjvm.so+0x3df24f]
C  [java+0x1938]  JavaMain+0x88
C  [libpthread.so.0+0x6c77]


---------------  P R O C E S S  ---------------

Java Threads: ( => current thread )

Other Threads:

=>0x09685c00 (exited) JavaThread "Unknown thread" [_thread_in_vm, id=4463, stack(0xb69cc000,0xb6a1d000)]

VM state:not at safepoint (not fully initialized)

VM Mutex/Monitor currently owned by a thread: None

Dynamic libraries:
08048000-08050000 r-xp 00000000 08:03 42809      /usr/lib/jvm/java-6-openjdk/bin/java
08050000-08051000 rw-p 00008000 08:03 42809      /usr/lib/jvm/java-6-openjdk/bin/java
0967f000-096e5000 rw-p 00000000 00:00 0          [heap]
8b4fd000-8b562000 r--s 004cb000 08:04 398273     /home/tim/Downloads/android-sdk-linux_x86/platforms/android-8/android.jar
8b562000-8b563000 ---p 00000000 00:00 0 
8b563000-8b5e3000 rw-p 00000000 00:00 0 
8b5e3000-8b5e4000 ---p 00000000 00:00 0 
8b5e4000-8b66c000 rw-p 00000000 00:00 0 
8b66c000-8b6a4000 rw-p 00000000 00:00 0 
8b6a4000-8b6af000 rw-p 00000000 00:00 0 
8b6af000-8b74f000 rw-p 00000000 00:00 0 
8b74f000-8b757000 rw-p 00000000 00:00 0 
8b757000-8b78f000 rw-p 00000000 00:00 0 
8b78f000-8b79a000 rw-p 00000000 00:00 0 
8b79a000-8b839000 rw-p 00000000 00:00 0 
8b839000-8b83f000 rw-p 00000000 00:00 0 
8b83f000-8b88f000 rw-p 00000000 00:00 0 
8b88f000-8c890000 rw-p 00000000 00:00 0 
8c890000-93890000 rw-p 00000000 00:00 0 
93890000-94d70000 rw-p 00000000 00:00 0 
94d70000-a8df0000 rw-p 00000000 00:00 0 
a8df0000-a9860000 rw-p 00000000 00:00 0 
a9860000-b3890000 rw-p 00000000 00:00 0 
b389a000-b38a3000 rw-p 00000000 00:00 0 
b38a3000-b395a000 rw-p 00000000 00:00 0 
b395a000-b3b9a000 rwxp 00000000 00:00 0 
b3b9a000-b695a000 rw-p 00000000 00:00 0 
b695a000-b6965000 r-xp 00000000 08:03 131243     /lib/libnss_files-2.13.so
b6965000-b6966000 r--p 0000a000 08:03 131243     /lib/libnss_files-2.13.so
b6966000-b6967000 rw-p 0000b000 08:03 131243     /lib/libnss_files-2.13.so
b6967000-b697c000 r-xp 00000000 08:03 131230     /lib/libnsl-2.13.so
b697c000-b697d000 r--p 00015000 08:03 131230     /lib/libnsl-2.13.so
b697d000-b697e000 rw-p 00016000 08:03 131230     /lib/libnsl-2.13.so
b697e000-b6980000 rw-p 00000000 00:00 0 
b698d000-b6994000 r-xp 00000000 08:03 36722      /usr/lib/jvm/java-6-openjdk/jre/lib/i386/libzip.so
b6994000-b6995000 rw-p 00006000 08:03 36722      /usr/lib/jvm/java-6-openjdk/jre/lib/i386/libzip.so
b6995000-b699d000 rw-s 00000000 08:03 406988     /tmp/hsperfdata_tim/4462
b699d000-b69c1000 r-xp 00000000 08:03 36730      /usr/lib/jvm/java-6-openjdk/jre/lib/i386/libjava.so
b69c1000-b69c3000 rw-p 00023000 08:03 36730      /usr/lib/jvm/java-6-openjdk/jre/lib/i386/libjava.so
b69c3000-b69ca000 r-xp 00000000 08:03 135199     /lib/librt-2.13.so
b69ca000-b69cb000 r--p 00006000 08:03 135199     /lib/librt-2.13.so
b69cb000-b69cc000 rw-p 00007000 08:03 135199     /lib/librt-2.13.so
b69cc000-b69cf000 ---p 00000000 00:00 0 
b69cf000-b6a1d000 rw-p 00000000 00:00 0 
b6a1d000-b6a39000 r-xp 00000000 08:03 296008     /usr/lib/libgcc_s.so.1
b6a39000-b6a3a000 rw-p 0001b000 08:03 296008     /usr/lib/libgcc_s.so.1
b6a3a000-b6a62000 r-xp 00000000 08:03 131188     /lib/libm-2.13.so
b6a62000-b6a63000 r--p 00027000 08:03 131188     /lib/libm-2.13.so
b6a63000-b6a64000 rw-p 00028000 08:03 131188     /lib/libm-2.13.so
b6a64000-b6b46000 r-xp 00000000 08:03 273250     /usr/lib/libstdc++.so.6.0.16
b6b46000-b6b4a000 r--p 000e1000 08:03 273250     /usr/lib/libstdc++.so.6.0.16
b6b4a000-b6b4b000 rw-p 000e5000 08:03 273250     /usr/lib/libstdc++.so.6.0.16
b6b4b000-b6b52000 rw-p 00000000 00:00 0 
b6b52000-b727d000 r-xp 00000000 08:03 36760      /usr/lib/jvm/java-6-openjdk/jre/lib/i386/server/libjvm.so
b727d000-b72d0000 rw-p 0072b000 08:03 36760      /usr/lib/jvm/java-6-openjdk/jre/lib/i386/server/libjvm.so
b72d0000-b76eb000 rw-p 00000000 00:00 0 
b76eb000-b784a000 r-xp 00000000 08:03 131189     /lib/libc-2.13.so
b784a000-b784b000 ---p 0015f000 08:03 131189     /lib/libc-2.13.so
b784b000-b784d000 r--p 0015f000 08:03 131189     /lib/libc-2.13.so
b784d000-b784e000 rw-p 00161000 08:03 131189     /lib/libc-2.13.so
b784e000-b7851000 rw-p 00000000 00:00 0 
b7851000-b7854000 r-xp 00000000 08:03 131165     /lib/libdl-2.13.so
b7854000-b7855000 r--p 00002000 08:03 131165     /lib/libdl-2.13.so
b7855000-b7856000 rw-p 00003000 08:03 131165     /lib/libdl-2.13.so
b7856000-b7857000 rw-p 00000000 00:00 0 
b7857000-b785a000 r-xp 00000000 08:03 40469      /usr/lib/jvm/java-6-openjdk/jre/lib/i386/jli/libjli.so
b785a000-b785b000 rw-p 00003000 08:03 40469      /usr/lib/jvm/java-6-openjdk/jre/lib/i386/jli/libjli.so
b785b000-b7872000 r-xp 00000000 08:03 131184     /lib/libpthread-2.13.so
b7872000-b7873000 r--p 00016000 08:03 131184     /lib/libpthread-2.13.so
b7873000-b7874000 rw-p 00017000 08:03 131184     /lib/libpthread-2.13.so
b7874000-b7876000 rw-p 00000000 00:00 0 
b7876000-b788a000 r-xp 00000000 08:03 274255     /usr/lib/libz.so.1.2.5
b788a000-b788b000 rw-p 00013000 08:03 274255     /usr/lib/libz.so.1.2.5
b7892000-b7899000 r-xp 00000000 08:03 36766      /usr/lib/jvm/java-6-openjdk/jre/lib/i386/native_threads/libhpi.so
b7899000-b789a000 rw-p 00006000 08:03 36766      /usr/lib/jvm/java-6-openjdk/jre/lib/i386/native_threads/libhpi.so
b789a000-b789b000 rw-p 00000000 00:00 0 
b789b000-b789c000 r--p 00000000 00:00 0 
b789c000-b78a7000 r-xp 00000000 08:03 36687      /usr/lib/jvm/java-6-openjdk/jre/lib/i386/libverify.so
b78a7000-b78a8000 rw-p 0000b000 08:03 36687      /usr/lib/jvm/java-6-openjdk/jre/lib/i386/libverify.so
b78a8000-b78a9000 rw-p 00000000 00:00 0 
b78a9000-b78aa000 r-xp 00000000 00:00 0          [vdso]
b78aa000-b78c8000 r-xp 00000000 08:03 131236     /lib/ld-2.13.so
b78c8000-b78c9000 r--p 0001d000 08:03 131236     /lib/ld-2.13.so
b78c9000-b78ca000 rw-p 0001e000 08:03 131236     /lib/ld-2.13.so
bfd28000-bfd49000 rw-p 00000000 00:00 0          [stack]

VM Arguments:
jvm_args: -Dfile.encoding=UTF-8 -Xbootclasspath:/home/tim/Downloads/android-sdk-linux_x86/platforms/android-8/android.jar 
java_command: api.forum.Tester
Launcher Type: SUN_STANDARD

Environment Variables:
JAVA_HOME=/usr/lib/jvm/java-6-openjdk
PATH=/usr/local/bin:/usr/bin:/bin:/usr/local/sbin:/usr/sbin:/sbin:/opt/android-sdk/tools:/opt/kde/bin:/usr/bin/core_perl:/opt/qt/bin
LD_LIBRARY_PATH=/usr/lib/jvm/java-6-openjdk/jre/lib/i386/server:/usr/lib/jvm/java-6-openjdk/jre/lib/i386:/usr/lib/jvm/java-6-openjdk/jre/../lib/i386:/usr/lib/jvm/java-6-openjdk/jre/lib/i386/client:/usr/lib/jvm/java-6-openjdk/jre/lib/i386:
SHELL=/bin/bash
DISPLAY=:0.0

Signal Handlers:
SIGSEGV: [libjvm.so+0x6be210], sa_mask[0]=0x7ffbfeff, sa_flags=0x10000004
SIGBUS: [libjvm.so+0x6be210], sa_mask[0]=0x7ffbfeff, sa_flags=0x10000004
SIGFPE: [libjvm.so+0x564c60], sa_mask[0]=0x7ffbfeff, sa_flags=0x10000004
SIGPIPE: [libjvm.so+0x564c60], sa_mask[0]=0x7ffbfeff, sa_flags=0x10000004
SIGXFSZ: [libjvm.so+0x564c60], sa_mask[0]=0x7ffbfeff, sa_flags=0x10000004
SIGILL: [libjvm.so+0x564c60], sa_mask[0]=0x7ffbfeff, sa_flags=0x10000004
SIGUSR1: SIG_DFL, sa_mask[0]=0x00000000, sa_flags=0x00000000
SIGUSR2: [libjvm.so+0x564ad0], sa_mask[0]=0x00000004, sa_flags=0x10000004
SIGHUP: SIG_DFL, sa_mask[0]=0x00000000, sa_flags=0x00000000
SIGINT: SIG_DFL, sa_mask[0]=0x00000000, sa_flags=0x00000000
SIGTERM: SIG_DFL, sa_mask[0]=0x00000000, sa_flags=0x00000000
SIGQUIT: SIG_DFL, sa_mask[0]=0x00000000, sa_flags=0x00000000


---------------  S Y S T E M  ---------------

OS:Linux
uname:Linux 2.6.38-ARCH #1 SMP PREEMPT Mon May 23 20:04:02 UTC 2011 i686
libc:glibc 2.13 NPTL 2.13 
rlimit: STACK 8192k, CORE 0k, NPROC 16012, NOFILE 1024, AS infinity
load average:0.18 0.12 0.14

/proc/meminfo:
MemTotal:        2051720 kB
MemFree:         1109344 kB
Buffers:           46836 kB
Cached:           411296 kB
SwapCached:            0 kB
Active:           567272 kB
Inactive:         328348 kB
Active(anon):     467040 kB
Inactive(anon):    23844 kB
Active(file):     100232 kB
Inactive(file):   304504 kB
Unevictable:           0 kB
Mlocked:               0 kB
HighTotal:       1175848 kB
HighFree:         344676 kB
LowTotal:         875872 kB
LowFree:          764668 kB
SwapTotal:        530140 kB
SwapFree:         530140 kB
Dirty:               184 kB
Writeback:             0 kB
AnonPages:        437860 kB
Mapped:            85280 kB
Shmem:             53252 kB
Slab:              27352 kB
SReclaimable:      15112 kB
SUnreclaim:        12240 kB
KernelStack:        2144 kB
PageTables:         3904 kB
NFS_Unstable:          0 kB
Bounce:                0 kB
WritebackTmp:          0 kB
CommitLimit:     1556000 kB
Committed_AS:    1223104 kB
VmallocTotal:     122880 kB
VmallocUsed:       16424 kB
VmallocChunk:      96100 kB
HardwareCorrupted:     0 kB
AnonHugePages:    163840 kB
HugePages_Total:       0
HugePages_Free:        0
HugePages_Rsvd:        0
HugePages_Surp:        0
Hugepagesize:       4096 kB
DirectMap4k:       20472 kB
DirectMap4M:      888832 kB


CPU:total 2 (1 cores per cpu, 2 threads per core) family 6 model 28 stepping 10, cmov, cx8, fxsr, mmx, sse, sse2, sse3, ssse3, ht

Memory: 4k page, physical 2051720k(1109344k free), swap 530140k(530140k free)

vm_info: OpenJDK Server VM (19.0-b09) for linux-x86 JRE (1.6.0_22-b22), built on Apr  4 2011 16:59:34 by "nobody" with gcc 4.5.2 20110127 (prerelease)

time: Sat Jul  2 02:57:45 2011
elapsed time: 0 seconds

