#
# A fatal error has been detected by the Java Runtime Environment:
#
#  Internal Error (classFileParser.cpp:3375), pid=4627, tid=3064101744
#  Error: ShouldNotReachHere()
#
# JRE version: 6.0_22-b22
# Java VM: OpenJDK Server VM (19.0-b09 mixed mode linux-x86 )
# Derivative: IcedTea6 1.10.1
# Distribution: Custom build (Mon Apr  4 16:56:33 UTC 2011)
# If you would like to submit a bug report, please include
# instructions how to reproduce the bug and visit:
#   http://icedtea.classpath.org/bugzilla
#

---------------  T H R E A D  ---------------

Current thread (0x08ea8c00):  JavaThread "Unknown thread" [_thread_in_vm, id=4632, stack(0xb69d7000,0xb6a28000)]

Stack: [0xb69d7000,0xb6a28000],  sp=0xb6a26750,  free space=317k
Native frames: (J=compiled Java code, j=interpreted, Vv=VM code, C=native code)
V  [libjvm.so+0x6bd54e]
V  [libjvm.so+0x6bd79b]
V  [libjvm.so+0x2c91bf]
V  [libjvm.so+0x2c9306]
V  [libjvm.so+0x260770]
V  [libjvm.so+0x2651d8]
V  [libjvm.so+0x648180]
V  [libjvm.so+0x64665e]
V  [libjvm.so+0x6470e1]
V  [libjvm.so+0x6488f1]
V  [libjvm.so+0x6489ec]
V  [libjvm.so+0x648a9f]
V  [libjvm.so+0x648b0e]
V  [libjvm.so+0x64c1ce]
V  [libjvm.so+0x648bfd]
V  [libjvm.so+0x648f20]
V  [libjvm.so+0x69402d]
V  [libjvm.so+0x694a17]
V  [libjvm.so+0x38ca5a]
V  [libjvm.so+0x67f98a]
V  [libjvm.so+0x3df24f]
C  [java+0x1938]  JavaMain+0x88
C  [libpthread.so.0+0x6c77]


---------------  P R O C E S S  ---------------

Java Threads: ( => current thread )

Other Threads:

=>0x08ea8c00 (exited) JavaThread "Unknown thread" [_thread_in_vm, id=4632, stack(0xb69d7000,0xb6a28000)]

VM state:not at safepoint (not fully initialized)

VM Mutex/Monitor currently owned by a thread: None

Dynamic libraries:
08048000-08050000 r-xp 00000000 08:03 42809      /usr/lib/jvm/java-6-openjdk/bin/java
08050000-08051000 rw-p 00008000 08:03 42809      /usr/lib/jvm/java-6-openjdk/bin/java
08ea2000-08f08000 rw-p 00000000 00:00 0          [heap]
8b50d000-8b572000 r--s 004cb000 08:04 398273     /home/tim/Downloads/android-sdk-linux_x86/platforms/android-8/android.jar
8b572000-8b573000 ---p 00000000 00:00 0 
8b573000-8b5f3000 rw-p 00000000 00:00 0 
8b5f3000-8b5f4000 ---p 00000000 00:00 0 
8b5f4000-8b67c000 rw-p 00000000 00:00 0 
8b67c000-8b6b4000 rw-p 00000000 00:00 0 
8b6b4000-8b6bf000 rw-p 00000000 00:00 0 
8b6bf000-8b75f000 rw-p 00000000 00:00 0 
8b75f000-8b767000 rw-p 00000000 00:00 0 
8b767000-8b79f000 rw-p 00000000 00:00 0 
8b79f000-8b7aa000 rw-p 00000000 00:00 0 
8b7aa000-8b849000 rw-p 00000000 00:00 0 
8b849000-8b84f000 rw-p 00000000 00:00 0 
8b84f000-8b89f000 rw-p 00000000 00:00 0 
8b89f000-8c8a0000 rw-p 00000000 00:00 0 
8c8a0000-938a0000 rw-p 00000000 00:00 0 
938a0000-94d80000 rw-p 00000000 00:00 0 
94d80000-a8e00000 rw-p 00000000 00:00 0 
a8e00000-a9870000 rw-p 00000000 00:00 0 
a9870000-b38a0000 rw-p 00000000 00:00 0 
b38a5000-b38ae000 rw-p 00000000 00:00 0 
b38ae000-b3965000 rw-p 00000000 00:00 0 
b3965000-b3ba5000 rwxp 00000000 00:00 0 
b3ba5000-b6965000 rw-p 00000000 00:00 0 
b6965000-b6970000 r-xp 00000000 08:03 131243     /lib/libnss_files-2.13.so
b6970000-b6971000 r--p 0000a000 08:03 131243     /lib/libnss_files-2.13.so
b6971000-b6972000 rw-p 0000b000 08:03 131243     /lib/libnss_files-2.13.so
b6972000-b6987000 r-xp 00000000 08:03 131230     /lib/libnsl-2.13.so
b6987000-b6988000 r--p 00015000 08:03 131230     /lib/libnsl-2.13.so
b6988000-b6989000 rw-p 00016000 08:03 131230     /lib/libnsl-2.13.so
b6989000-b698b000 rw-p 00000000 00:00 0 
b6998000-b699f000 r-xp 00000000 08:03 36722      /usr/lib/jvm/java-6-openjdk/jre/lib/i386/libzip.so
b699f000-b69a0000 rw-p 00006000 08:03 36722      /usr/lib/jvm/java-6-openjdk/jre/lib/i386/libzip.so
b69a0000-b69a8000 rw-s 00000000 08:03 406988     /tmp/hsperfdata_tim/4627
b69a8000-b69cc000 r-xp 00000000 08:03 36730      /usr/lib/jvm/java-6-openjdk/jre/lib/i386/libjava.so
b69cc000-b69ce000 rw-p 00023000 08:03 36730      /usr/lib/jvm/java-6-openjdk/jre/lib/i386/libjava.so
b69ce000-b69d5000 r-xp 00000000 08:03 135199     /lib/librt-2.13.so
b69d5000-b69d6000 r--p 00006000 08:03 135199     /lib/librt-2.13.so
b69d6000-b69d7000 rw-p 00007000 08:03 135199     /lib/librt-2.13.so
b69d7000-b69da000 ---p 00000000 00:00 0 
b69da000-b6a28000 rw-p 00000000 00:00 0 
b6a28000-b6a44000 r-xp 00000000 08:03 296008     /usr/lib/libgcc_s.so.1
b6a44000-b6a45000 rw-p 0001b000 08:03 296008     /usr/lib/libgcc_s.so.1
b6a45000-b6a6d000 r-xp 00000000 08:03 131188     /lib/libm-2.13.so
b6a6d000-b6a6e000 r--p 00027000 08:03 131188     /lib/libm-2.13.so
b6a6e000-b6a6f000 rw-p 00028000 08:03 131188     /lib/libm-2.13.so
b6a6f000-b6b51000 r-xp 00000000 08:03 273250     /usr/lib/libstdc++.so.6.0.16
b6b51000-b6b55000 r--p 000e1000 08:03 273250     /usr/lib/libstdc++.so.6.0.16
b6b55000-b6b56000 rw-p 000e5000 08:03 273250     /usr/lib/libstdc++.so.6.0.16
b6b56000-b6b5d000 rw-p 00000000 00:00 0 
b6b5d000-b7288000 r-xp 00000000 08:03 36760      /usr/lib/jvm/java-6-openjdk/jre/lib/i386/server/libjvm.so
b7288000-b72db000 rw-p 0072b000 08:03 36760      /usr/lib/jvm/java-6-openjdk/jre/lib/i386/server/libjvm.so
b72db000-b76f6000 rw-p 00000000 00:00 0 
b76f6000-b7855000 r-xp 00000000 08:03 131189     /lib/libc-2.13.so
b7855000-b7856000 ---p 0015f000 08:03 131189     /lib/libc-2.13.so
b7856000-b7858000 r--p 0015f000 08:03 131189     /lib/libc-2.13.so
b7858000-b7859000 rw-p 00161000 08:03 131189     /lib/libc-2.13.so
b7859000-b785c000 rw-p 00000000 00:00 0 
b785c000-b785f000 r-xp 00000000 08:03 131165     /lib/libdl-2.13.so
b785f000-b7860000 r--p 00002000 08:03 131165     /lib/libdl-2.13.so
b7860000-b7861000 rw-p 00003000 08:03 131165     /lib/libdl-2.13.so
b7861000-b7862000 rw-p 00000000 00:00 0 
b7862000-b7865000 r-xp 00000000 08:03 40469      /usr/lib/jvm/java-6-openjdk/jre/lib/i386/jli/libjli.so
b7865000-b7866000 rw-p 00003000 08:03 40469      /usr/lib/jvm/java-6-openjdk/jre/lib/i386/jli/libjli.so
b7866000-b787d000 r-xp 00000000 08:03 131184     /lib/libpthread-2.13.so
b787d000-b787e000 r--p 00016000 08:03 131184     /lib/libpthread-2.13.so
b787e000-b787f000 rw-p 00017000 08:03 131184     /lib/libpthread-2.13.so
b787f000-b7881000 rw-p 00000000 00:00 0 
b7881000-b7895000 r-xp 00000000 08:03 274255     /usr/lib/libz.so.1.2.5
b7895000-b7896000 rw-p 00013000 08:03 274255     /usr/lib/libz.so.1.2.5
b789d000-b78a4000 r-xp 00000000 08:03 36766      /usr/lib/jvm/java-6-openjdk/jre/lib/i386/native_threads/libhpi.so
b78a4000-b78a5000 rw-p 00006000 08:03 36766      /usr/lib/jvm/java-6-openjdk/jre/lib/i386/native_threads/libhpi.so
b78a5000-b78a6000 rw-p 00000000 00:00 0 
b78a6000-b78a7000 r--p 00000000 00:00 0 
b78a7000-b78b2000 r-xp 00000000 08:03 36687      /usr/lib/jvm/java-6-openjdk/jre/lib/i386/libverify.so
b78b2000-b78b3000 rw-p 0000b000 08:03 36687      /usr/lib/jvm/java-6-openjdk/jre/lib/i386/libverify.so
b78b3000-b78b4000 rw-p 00000000 00:00 0 
b78b4000-b78b5000 r-xp 00000000 00:00 0          [vdso]
b78b5000-b78d3000 r-xp 00000000 08:03 131236     /lib/ld-2.13.so
b78d3000-b78d4000 r--p 0001d000 08:03 131236     /lib/ld-2.13.so
b78d4000-b78d5000 rw-p 0001e000 08:03 131236     /lib/ld-2.13.so
bfe68000-bfe89000 rw-p 00000000 00:00 0          [stack]

VM Arguments:
jvm_args: -Dfile.encoding=UTF-8 -Xbootclasspath:/home/tim/Downloads/android-sdk-linux_x86/platforms/android-8/android.jar 
java_command: api.forum.Tester
Launcher Type: SUN_STANDARD

Environment Variables:
JAVA_HOME=/usr/lib/jvm/java-6-openjdk
PATH=/usr/local/bin:/usr/bin:/bin:/usr/local/sbin:/usr/sbin:/sbin:/opt/android-sdk/tools:/opt/kde/bin:/usr/bin/core_perl:/opt/qt/bin
LD_LIBRARY_PATH=/usr/lib/jvm/java-6-openjdk/jre/lib/i386/server:/usr/lib/jvm/java-6-openjdk/jre/lib/i386:/usr/lib/jvm/java-6-openjdk/jre/../lib/i386:/usr/lib/jvm/java-6-openjdk/jre/lib/i386/client:/usr/lib/jvm/java-6-openjdk/jre/lib/i386:
SHELL=/bin/bash
DISPLAY=:0.0

Signal Handlers:
SIGSEGV: [libjvm.so+0x6be210], sa_mask[0]=0x7ffbfeff, sa_flags=0x10000004
SIGBUS: [libjvm.so+0x6be210], sa_mask[0]=0x7ffbfeff, sa_flags=0x10000004
SIGFPE: [libjvm.so+0x564c60], sa_mask[0]=0x7ffbfeff, sa_flags=0x10000004
SIGPIPE: [libjvm.so+0x564c60], sa_mask[0]=0x7ffbfeff, sa_flags=0x10000004
SIGXFSZ: [libjvm.so+0x564c60], sa_mask[0]=0x7ffbfeff, sa_flags=0x10000004
SIGILL: [libjvm.so+0x564c60], sa_mask[0]=0x7ffbfeff, sa_flags=0x10000004
SIGUSR1: SIG_DFL, sa_mask[0]=0x00000000, sa_flags=0x00000000
SIGUSR2: [libjvm.so+0x564ad0], sa_mask[0]=0x00000004, sa_flags=0x10000004
SIGHUP: SIG_DFL, sa_mask[0]=0x00000000, sa_flags=0x00000000
SIGINT: SIG_DFL, sa_mask[0]=0x00000000, sa_flags=0x00000000
SIGTERM: SIG_DFL, sa_mask[0]=0x00000000, sa_flags=0x00000000
SIGQUIT: SIG_DFL, sa_mask[0]=0x00000000, sa_flags=0x00000000


---------------  S Y S T E M  ---------------

OS:Linux
uname:Linux 2.6.38-ARCH #1 SMP PREEMPT Mon May 23 20:04:02 UTC 2011 i686
libc:glibc 2.13 NPTL 2.13 
rlimit: STACK 8192k, CORE 0k, NPROC 16012, NOFILE 1024, AS infinity
load average:0.28 0.15 0.15

/proc/meminfo:
MemTotal:        2051720 kB
MemFree:         1081728 kB
Buffers:           48476 kB
Cached:           423612 kB
SwapCached:            0 kB
Active:           589888 kB
Inactive:         331296 kB
Active(anon):     484888 kB
Inactive(anon):    24284 kB
Active(file):     105000 kB
Inactive(file):   307012 kB
Unevictable:           0 kB
Mlocked:               0 kB
HighTotal:       1175848 kB
HighFree:         345048 kB
LowTotal:         875872 kB
LowFree:          736680 kB
SwapTotal:        530140 kB
SwapFree:         530140 kB
Dirty:               136 kB
Writeback:             0 kB
AnonPages:        449388 kB
Mapped:            85156 kB
Shmem:             59836 kB
Slab:              28956 kB
SReclaimable:      16356 kB
SUnreclaim:        12600 kB
KernelStack:        2160 kB
PageTables:         3912 kB
NFS_Unstable:          0 kB
Bounce:                0 kB
WritebackTmp:          0 kB
CommitLimit:     1556000 kB
Committed_AS:    1251852 kB
VmallocTotal:     122880 kB
VmallocUsed:       16436 kB
VmallocChunk:      82008 kB
HardwareCorrupted:     0 kB
AnonHugePages:    188416 kB
HugePages_Total:       0
HugePages_Free:        0
HugePages_Rsvd:        0
HugePages_Surp:        0
Hugepagesize:       4096 kB
DirectMap4k:       20472 kB
DirectMap4M:      888832 kB


CPU:total 2 (1 cores per cpu, 2 threads per core) family 6 model 28 stepping 10, cmov, cx8, fxsr, mmx, sse, sse2, sse3, ssse3, ht

Memory: 4k page, physical 2051720k(1081728k free), swap 530140k(530140k free)

vm_info: OpenJDK Server VM (19.0-b09) for linux-x86 JRE (1.6.0_22-b22), built on Apr  4 2011 16:59:34 by "nobody" with gcc 4.5.2 20110127 (prerelease)

time: Sat Jul  2 02:58:19 2011
elapsed time: 0 seconds

