#
# A fatal error has been detected by the Java Runtime Environment:
#
#  Internal Error (classFileParser.cpp:3375), pid=4505, tid=3062885232
#  Error: ShouldNotReachHere()
#
# JRE version: 6.0_22-b22
# Java VM: OpenJDK Server VM (19.0-b09 mixed mode linux-x86 )
# Derivative: IcedTea6 1.10.1
# Distribution: Custom build (Mon Apr  4 16:56:33 UTC 2011)
# If you would like to submit a bug report, please include
# instructions how to reproduce the bug and visit:
#   http://icedtea.classpath.org/bugzilla
#

---------------  T H R E A D  ---------------

Current thread (0x08bcfc00):  JavaThread "Unknown thread" [_thread_in_vm, id=4509, stack(0xb68ae000,0xb68ff000)]

Stack: [0xb68ae000,0xb68ff000],  sp=0xb68fd750,  free space=317k
Native frames: (J=compiled Java code, j=interpreted, Vv=VM code, C=native code)
V  [libjvm.so+0x6bd54e]
V  [libjvm.so+0x6bd79b]
V  [libjvm.so+0x2c91bf]
V  [libjvm.so+0x2c9306]
V  [libjvm.so+0x260770]
V  [libjvm.so+0x2651d8]
V  [libjvm.so+0x648180]
V  [libjvm.so+0x64665e]
V  [libjvm.so+0x6470e1]
V  [libjvm.so+0x6488f1]
V  [libjvm.so+0x6489ec]
V  [libjvm.so+0x648a9f]
V  [libjvm.so+0x648b0e]
V  [libjvm.so+0x64c1ce]
V  [libjvm.so+0x648bfd]
V  [libjvm.so+0x648f20]
V  [libjvm.so+0x69402d]
V  [libjvm.so+0x694a17]
V  [libjvm.so+0x38ca5a]
V  [libjvm.so+0x67f98a]
V  [libjvm.so+0x3df24f]
C  [java+0x1938]  JavaMain+0x88
C  [libpthread.so.0+0x6c77]


---------------  P R O C E S S  ---------------

Java Threads: ( => current thread )

Other Threads:

=>0x08bcfc00 (exited) JavaThread "Unknown thread" [_thread_in_vm, id=4509, stack(0xb68ae000,0xb68ff000)]

VM state:not at safepoint (not fully initialized)

VM Mutex/Monitor currently owned by a thread: None

Dynamic libraries:
08048000-08050000 r-xp 00000000 08:03 42809      /usr/lib/jvm/java-6-openjdk/bin/java
08050000-08051000 rw-p 00008000 08:03 42809      /usr/lib/jvm/java-6-openjdk/bin/java
08bc9000-08c2f000 rw-p 00000000 00:00 0          [heap]
8b3dd000-8b442000 r--s 004cb000 08:04 398273     /home/tim/Downloads/android-sdk-linux_x86/platforms/android-8/android.jar
8b442000-8b443000 ---p 00000000 00:00 0 
8b443000-8b4c3000 rw-p 00000000 00:00 0 
8b4c3000-8b4c4000 ---p 00000000 00:00 0 
8b4c4000-8b54c000 rw-p 00000000 00:00 0 
8b54c000-8b584000 rw-p 00000000 00:00 0 
8b584000-8b58f000 rw-p 00000000 00:00 0 
8b58f000-8b62f000 rw-p 00000000 00:00 0 
8b62f000-8b637000 rw-p 00000000 00:00 0 
8b637000-8b66f000 rw-p 00000000 00:00 0 
8b66f000-8b67a000 rw-p 00000000 00:00 0 
8b67a000-8b719000 rw-p 00000000 00:00 0 
8b719000-8b71f000 rw-p 00000000 00:00 0 
8b71f000-8b76f000 rw-p 00000000 00:00 0 
8b76f000-8c770000 rw-p 00000000 00:00 0 
8c770000-93770000 rw-p 00000000 00:00 0 
93770000-94c50000 rw-p 00000000 00:00 0 
94c50000-a8cd0000 rw-p 00000000 00:00 0 
a8cd0000-a9740000 rw-p 00000000 00:00 0 
a9740000-b3770000 rw-p 00000000 00:00 0 
b377c000-b3785000 rw-p 00000000 00:00 0 
b3785000-b383c000 rw-p 00000000 00:00 0 
b383c000-b3a7c000 rwxp 00000000 00:00 0 
b3a7c000-b683c000 rw-p 00000000 00:00 0 
b683c000-b6847000 r-xp 00000000 08:03 131243     /lib/libnss_files-2.13.so
b6847000-b6848000 r--p 0000a000 08:03 131243     /lib/libnss_files-2.13.so
b6848000-b6849000 rw-p 0000b000 08:03 131243     /lib/libnss_files-2.13.so
b6849000-b685e000 r-xp 00000000 08:03 131230     /lib/libnsl-2.13.so
b685e000-b685f000 r--p 00015000 08:03 131230     /lib/libnsl-2.13.so
b685f000-b6860000 rw-p 00016000 08:03 131230     /lib/libnsl-2.13.so
b6860000-b6862000 rw-p 00000000 00:00 0 
b686f000-b6876000 r-xp 00000000 08:03 36722      /usr/lib/jvm/java-6-openjdk/jre/lib/i386/libzip.so
b6876000-b6877000 rw-p 00006000 08:03 36722      /usr/lib/jvm/java-6-openjdk/jre/lib/i386/libzip.so
b6877000-b687f000 rw-s 00000000 08:03 406988     /tmp/hsperfdata_tim/4505
b687f000-b68a3000 r-xp 00000000 08:03 36730      /usr/lib/jvm/java-6-openjdk/jre/lib/i386/libjava.so
b68a3000-b68a5000 rw-p 00023000 08:03 36730      /usr/lib/jvm/java-6-openjdk/jre/lib/i386/libjava.so
b68a5000-b68ac000 r-xp 00000000 08:03 135199     /lib/librt-2.13.so
b68ac000-b68ad000 r--p 00006000 08:03 135199     /lib/librt-2.13.so
b68ad000-b68ae000 rw-p 00007000 08:03 135199     /lib/librt-2.13.so
b68ae000-b68b1000 ---p 00000000 00:00 0 
b68b1000-b68ff000 rw-p 00000000 00:00 0 
b68ff000-b691b000 r-xp 00000000 08:03 296008     /usr/lib/libgcc_s.so.1
b691b000-b691c000 rw-p 0001b000 08:03 296008     /usr/lib/libgcc_s.so.1
b691c000-b6944000 r-xp 00000000 08:03 131188     /lib/libm-2.13.so
b6944000-b6945000 r--p 00027000 08:03 131188     /lib/libm-2.13.so
b6945000-b6946000 rw-p 00028000 08:03 131188     /lib/libm-2.13.so
b6946000-b6a28000 r-xp 00000000 08:03 273250     /usr/lib/libstdc++.so.6.0.16
b6a28000-b6a2c000 r--p 000e1000 08:03 273250     /usr/lib/libstdc++.so.6.0.16
b6a2c000-b6a2d000 rw-p 000e5000 08:03 273250     /usr/lib/libstdc++.so.6.0.16
b6a2d000-b6a34000 rw-p 00000000 00:00 0 
b6a34000-b715f000 r-xp 00000000 08:03 36760      /usr/lib/jvm/java-6-openjdk/jre/lib/i386/server/libjvm.so
b715f000-b71b2000 rw-p 0072b000 08:03 36760      /usr/lib/jvm/java-6-openjdk/jre/lib/i386/server/libjvm.so
b71b2000-b75cd000 rw-p 00000000 00:00 0 
b75cd000-b772c000 r-xp 00000000 08:03 131189     /lib/libc-2.13.so
b772c000-b772d000 ---p 0015f000 08:03 131189     /lib/libc-2.13.so
b772d000-b772f000 r--p 0015f000 08:03 131189     /lib/libc-2.13.so
b772f000-b7730000 rw-p 00161000 08:03 131189     /lib/libc-2.13.so
b7730000-b7733000 rw-p 00000000 00:00 0 
b7733000-b7736000 r-xp 00000000 08:03 131165     /lib/libdl-2.13.so
b7736000-b7737000 r--p 00002000 08:03 131165     /lib/libdl-2.13.so
b7737000-b7738000 rw-p 00003000 08:03 131165     /lib/libdl-2.13.so
b7738000-b7739000 rw-p 00000000 00:00 0 
b7739000-b773c000 r-xp 00000000 08:03 40469      /usr/lib/jvm/java-6-openjdk/jre/lib/i386/jli/libjli.so
b773c000-b773d000 rw-p 00003000 08:03 40469      /usr/lib/jvm/java-6-openjdk/jre/lib/i386/jli/libjli.so
b773d000-b7754000 r-xp 00000000 08:03 131184     /lib/libpthread-2.13.so
b7754000-b7755000 r--p 00016000 08:03 131184     /lib/libpthread-2.13.so
b7755000-b7756000 rw-p 00017000 08:03 131184     /lib/libpthread-2.13.so
b7756000-b7758000 rw-p 00000000 00:00 0 
b7758000-b776c000 r-xp 00000000 08:03 274255     /usr/lib/libz.so.1.2.5
b776c000-b776d000 rw-p 00013000 08:03 274255     /usr/lib/libz.so.1.2.5
b7774000-b777b000 r-xp 00000000 08:03 36766      /usr/lib/jvm/java-6-openjdk/jre/lib/i386/native_threads/libhpi.so
b777b000-b777c000 rw-p 00006000 08:03 36766      /usr/lib/jvm/java-6-openjdk/jre/lib/i386/native_threads/libhpi.so
b777c000-b777d000 rw-p 00000000 00:00 0 
b777d000-b777e000 r--p 00000000 00:00 0 
b777e000-b7789000 r-xp 00000000 08:03 36687      /usr/lib/jvm/java-6-openjdk/jre/lib/i386/libverify.so
b7789000-b778a000 rw-p 0000b000 08:03 36687      /usr/lib/jvm/java-6-openjdk/jre/lib/i386/libverify.so
b778a000-b778b000 rw-p 00000000 00:00 0 
b778b000-b778c000 r-xp 00000000 00:00 0          [vdso]
b778c000-b77aa000 r-xp 00000000 08:03 131236     /lib/ld-2.13.so
b77aa000-b77ab000 r--p 0001d000 08:03 131236     /lib/ld-2.13.so
b77ab000-b77ac000 rw-p 0001e000 08:03 131236     /lib/ld-2.13.so
bfd02000-bfd23000 rw-p 00000000 00:00 0          [stack]

VM Arguments:
jvm_args: -Dfile.encoding=UTF-8 -Xbootclasspath:/home/tim/Downloads/android-sdk-linux_x86/platforms/android-8/android.jar 
java_command: api.forum.Tester
Launcher Type: SUN_STANDARD

Environment Variables:
JAVA_HOME=/usr/lib/jvm/java-6-openjdk
PATH=/usr/local/bin:/usr/bin:/bin:/usr/local/sbin:/usr/sbin:/sbin:/opt/android-sdk/tools:/opt/kde/bin:/usr/bin/core_perl:/opt/qt/bin
LD_LIBRARY_PATH=/usr/lib/jvm/java-6-openjdk/jre/lib/i386/server:/usr/lib/jvm/java-6-openjdk/jre/lib/i386:/usr/lib/jvm/java-6-openjdk/jre/../lib/i386:/usr/lib/jvm/java-6-openjdk/jre/lib/i386/client:/usr/lib/jvm/java-6-openjdk/jre/lib/i386:
SHELL=/bin/bash
DISPLAY=:0.0

Signal Handlers:
SIGSEGV: [libjvm.so+0x6be210], sa_mask[0]=0x7ffbfeff, sa_flags=0x10000004
SIGBUS: [libjvm.so+0x6be210], sa_mask[0]=0x7ffbfeff, sa_flags=0x10000004
SIGFPE: [libjvm.so+0x564c60], sa_mask[0]=0x7ffbfeff, sa_flags=0x10000004
SIGPIPE: [libjvm.so+0x564c60], sa_mask[0]=0x7ffbfeff, sa_flags=0x10000004
SIGXFSZ: [libjvm.so+0x564c60], sa_mask[0]=0x7ffbfeff, sa_flags=0x10000004
SIGILL: [libjvm.so+0x564c60], sa_mask[0]=0x7ffbfeff, sa_flags=0x10000004
SIGUSR1: SIG_DFL, sa_mask[0]=0x00000000, sa_flags=0x00000000
SIGUSR2: [libjvm.so+0x564ad0], sa_mask[0]=0x00000004, sa_flags=0x10000004
SIGHUP: SIG_DFL, sa_mask[0]=0x00000000, sa_flags=0x00000000
SIGINT: SIG_DFL, sa_mask[0]=0x00000000, sa_flags=0x00000000
SIGTERM: SIG_DFL, sa_mask[0]=0x00000000, sa_flags=0x00000000
SIGQUIT: SIG_DFL, sa_mask[0]=0x00000000, sa_flags=0x00000000


---------------  S Y S T E M  ---------------

OS:Linux
uname:Linux 2.6.38-ARCH #1 SMP PREEMPT Mon May 23 20:04:02 UTC 2011 i686
libc:glibc 2.13 NPTL 2.13 
rlimit: STACK 8192k, CORE 0k, NPROC 16012, NOFILE 1024, AS infinity
load average:0.34 0.16 0.15

/proc/meminfo:
MemTotal:        2051720 kB
MemFree:         1091340 kB
Buffers:           48436 kB
Cached:           416752 kB
SwapCached:            0 kB
Active:           581368 kB
Inactive:         330908 kB
Active(anon):     476504 kB
Inactive(anon):    23860 kB
Active(file):     104864 kB
Inactive(file):   307048 kB
Unevictable:           0 kB
Mlocked:               0 kB
HighTotal:       1175848 kB
HighFree:         333632 kB
LowTotal:         875872 kB
LowFree:          757708 kB
SwapTotal:        530140 kB
SwapFree:         530140 kB
Dirty:                84 kB
Writeback:             0 kB
AnonPages:        447128 kB
Mapped:            85156 kB
Shmem:             53280 kB
Slab:              28728 kB
SReclaimable:      16332 kB
SUnreclaim:        12396 kB
KernelStack:        2136 kB
PageTables:         3916 kB
NFS_Unstable:          0 kB
Bounce:                0 kB
WritebackTmp:          0 kB
CommitLimit:     1556000 kB
Committed_AS:    1243648 kB
VmallocTotal:     122880 kB
VmallocUsed:       16424 kB
VmallocChunk:      96100 kB
HardwareCorrupted:     0 kB
AnonHugePages:    176128 kB
HugePages_Total:       0
HugePages_Free:        0
HugePages_Rsvd:        0
HugePages_Surp:        0
Hugepagesize:       4096 kB
DirectMap4k:       20472 kB
DirectMap4M:      888832 kB


CPU:total 2 (1 cores per cpu, 2 threads per core) family 6 model 28 stepping 10, cmov, cx8, fxsr, mmx, sse, sse2, sse3, ssse3, ht

Memory: 4k page, physical 2051720k(1091340k free), swap 530140k(530140k free)

vm_info: OpenJDK Server VM (19.0-b09) for linux-x86 JRE (1.6.0_22-b22), built on Apr  4 2011 16:59:34 by "nobody" with gcc 4.5.2 20110127 (prerelease)

time: Sat Jul  2 02:58:08 2011
elapsed time: 0 seconds

