#
# A fatal error has been detected by the Java Runtime Environment:
#
#  Internal Error (classFileParser.cpp:3375), pid=4712, tid=3063815024
#  Error: ShouldNotReachHere()
#
# JRE version: 6.0_22-b22
# Java VM: OpenJDK Server VM (19.0-b09 mixed mode linux-x86 )
# Derivative: IcedTea6 1.10.1
# Distribution: Custom build (Mon Apr  4 16:56:33 UTC 2011)
# If you would like to submit a bug report, please include
# instructions how to reproduce the bug and visit:
#   http://icedtea.classpath.org/bugzilla
#

---------------  T H R E A D  ---------------

Current thread (0x09a5bc00):  JavaThread "Unknown thread" [_thread_in_vm, id=4717, stack(0xb6991000,0xb69e2000)]

Stack: [0xb6991000,0xb69e2000],  sp=0xb69e0750,  free space=317k
Native frames: (J=compiled Java code, j=interpreted, Vv=VM code, C=native code)
V  [libjvm.so+0x6bd54e]
V  [libjvm.so+0x6bd79b]
V  [libjvm.so+0x2c91bf]
V  [libjvm.so+0x2c9306]
V  [libjvm.so+0x260770]
V  [libjvm.so+0x2651d8]
V  [libjvm.so+0x648180]
V  [libjvm.so+0x64665e]
V  [libjvm.so+0x6470e1]
V  [libjvm.so+0x6488f1]
V  [libjvm.so+0x6489ec]
V  [libjvm.so+0x648a9f]
V  [libjvm.so+0x648b0e]
V  [libjvm.so+0x64c1ce]
V  [libjvm.so+0x648bfd]
V  [libjvm.so+0x648f20]
V  [libjvm.so+0x69402d]
V  [libjvm.so+0x694a17]
V  [libjvm.so+0x38ca5a]
V  [libjvm.so+0x67f98a]
V  [libjvm.so+0x3df24f]
C  [java+0x1938]  JavaMain+0x88
C  [libpthread.so.0+0x6c77]


---------------  P R O C E S S  ---------------

Java Threads: ( => current thread )

Other Threads:

=>0x09a5bc00 (exited) JavaThread "Unknown thread" [_thread_in_vm, id=4717, stack(0xb6991000,0xb69e2000)]

VM state:not at safepoint (not fully initialized)

VM Mutex/Monitor currently owned by a thread: None

Dynamic libraries:
08048000-08050000 r-xp 00000000 08:03 42809      /usr/lib/jvm/java-6-openjdk/bin/java
08050000-08051000 rw-p 00008000 08:03 42809      /usr/lib/jvm/java-6-openjdk/bin/java
09a55000-09abb000 rw-p 00000000 00:00 0          [heap]
8b4bd000-8b522000 r--s 004cb000 08:04 398273     /home/tim/Downloads/android-sdk-linux_x86/platforms/android-8/android.jar
8b522000-8b523000 ---p 00000000 00:00 0 
8b523000-8b5a3000 rw-p 00000000 00:00 0 
8b5a3000-8b5a4000 ---p 00000000 00:00 0 
8b5a4000-8b62c000 rw-p 00000000 00:00 0 
8b62c000-8b664000 rw-p 00000000 00:00 0 
8b664000-8b66f000 rw-p 00000000 00:00 0 
8b66f000-8b70f000 rw-p 00000000 00:00 0 
8b70f000-8b717000 rw-p 00000000 00:00 0 
8b717000-8b74f000 rw-p 00000000 00:00 0 
8b74f000-8b75a000 rw-p 00000000 00:00 0 
8b75a000-8b7f9000 rw-p 00000000 00:00 0 
8b7f9000-8b7ff000 rw-p 00000000 00:00 0 
8b7ff000-8b84f000 rw-p 00000000 00:00 0 
8b84f000-8c850000 rw-p 00000000 00:00 0 
8c850000-93850000 rw-p 00000000 00:00 0 
93850000-94d30000 rw-p 00000000 00:00 0 
94d30000-a8db0000 rw-p 00000000 00:00 0 
a8db0000-a9820000 rw-p 00000000 00:00 0 
a9820000-b3850000 rw-p 00000000 00:00 0 
b385f000-b3868000 rw-p 00000000 00:00 0 
b3868000-b391f000 rw-p 00000000 00:00 0 
b391f000-b3b5f000 rwxp 00000000 00:00 0 
b3b5f000-b691f000 rw-p 00000000 00:00 0 
b691f000-b692a000 r-xp 00000000 08:03 131243     /lib/libnss_files-2.13.so
b692a000-b692b000 r--p 0000a000 08:03 131243     /lib/libnss_files-2.13.so
b692b000-b692c000 rw-p 0000b000 08:03 131243     /lib/libnss_files-2.13.so
b692c000-b6941000 r-xp 00000000 08:03 131230     /lib/libnsl-2.13.so
b6941000-b6942000 r--p 00015000 08:03 131230     /lib/libnsl-2.13.so
b6942000-b6943000 rw-p 00016000 08:03 131230     /lib/libnsl-2.13.so
b6943000-b6945000 rw-p 00000000 00:00 0 
b6952000-b6959000 r-xp 00000000 08:03 36722      /usr/lib/jvm/java-6-openjdk/jre/lib/i386/libzip.so
b6959000-b695a000 rw-p 00006000 08:03 36722      /usr/lib/jvm/java-6-openjdk/jre/lib/i386/libzip.so
b695a000-b6962000 rw-s 00000000 08:03 406988     /tmp/hsperfdata_tim/4712
b6962000-b6986000 r-xp 00000000 08:03 36730      /usr/lib/jvm/java-6-openjdk/jre/lib/i386/libjava.so
b6986000-b6988000 rw-p 00023000 08:03 36730      /usr/lib/jvm/java-6-openjdk/jre/lib/i386/libjava.so
b6988000-b698f000 r-xp 00000000 08:03 135199     /lib/librt-2.13.so
b698f000-b6990000 r--p 00006000 08:03 135199     /lib/librt-2.13.so
b6990000-b6991000 rw-p 00007000 08:03 135199     /lib/librt-2.13.so
b6991000-b6994000 ---p 00000000 00:00 0 
b6994000-b69e2000 rw-p 00000000 00:00 0 
b69e2000-b69fe000 r-xp 00000000 08:03 296008     /usr/lib/libgcc_s.so.1
b69fe000-b69ff000 rw-p 0001b000 08:03 296008     /usr/lib/libgcc_s.so.1
b69ff000-b6a27000 r-xp 00000000 08:03 131188     /lib/libm-2.13.so
b6a27000-b6a28000 r--p 00027000 08:03 131188     /lib/libm-2.13.so
b6a28000-b6a29000 rw-p 00028000 08:03 131188     /lib/libm-2.13.so
b6a29000-b6b0b000 r-xp 00000000 08:03 273250     /usr/lib/libstdc++.so.6.0.16
b6b0b000-b6b0f000 r--p 000e1000 08:03 273250     /usr/lib/libstdc++.so.6.0.16
b6b0f000-b6b10000 rw-p 000e5000 08:03 273250     /usr/lib/libstdc++.so.6.0.16
b6b10000-b6b17000 rw-p 00000000 00:00 0 
b6b17000-b7242000 r-xp 00000000 08:03 36760      /usr/lib/jvm/java-6-openjdk/jre/lib/i386/server/libjvm.so
b7242000-b7295000 rw-p 0072b000 08:03 36760      /usr/lib/jvm/java-6-openjdk/jre/lib/i386/server/libjvm.so
b7295000-b76b0000 rw-p 00000000 00:00 0 
b76b0000-b780f000 r-xp 00000000 08:03 131189     /lib/libc-2.13.so
b780f000-b7810000 ---p 0015f000 08:03 131189     /lib/libc-2.13.so
b7810000-b7812000 r--p 0015f000 08:03 131189     /lib/libc-2.13.so
b7812000-b7813000 rw-p 00161000 08:03 131189     /lib/libc-2.13.so
b7813000-b7816000 rw-p 00000000 00:00 0 
b7816000-b7819000 r-xp 00000000 08:03 131165     /lib/libdl-2.13.so
b7819000-b781a000 r--p 00002000 08:03 131165     /lib/libdl-2.13.so
b781a000-b781b000 rw-p 00003000 08:03 131165     /lib/libdl-2.13.so
b781b000-b781c000 rw-p 00000000 00:00 0 
b781c000-b781f000 r-xp 00000000 08:03 40469      /usr/lib/jvm/java-6-openjdk/jre/lib/i386/jli/libjli.so
b781f000-b7820000 rw-p 00003000 08:03 40469      /usr/lib/jvm/java-6-openjdk/jre/lib/i386/jli/libjli.so
b7820000-b7837000 r-xp 00000000 08:03 131184     /lib/libpthread-2.13.so
b7837000-b7838000 r--p 00016000 08:03 131184     /lib/libpthread-2.13.so
b7838000-b7839000 rw-p 00017000 08:03 131184     /lib/libpthread-2.13.so
b7839000-b783b000 rw-p 00000000 00:00 0 
b783b000-b784f000 r-xp 00000000 08:03 274255     /usr/lib/libz.so.1.2.5
b784f000-b7850000 rw-p 00013000 08:03 274255     /usr/lib/libz.so.1.2.5
b7857000-b785e000 r-xp 00000000 08:03 36766      /usr/lib/jvm/java-6-openjdk/jre/lib/i386/native_threads/libhpi.so
b785e000-b785f000 rw-p 00006000 08:03 36766      /usr/lib/jvm/java-6-openjdk/jre/lib/i386/native_threads/libhpi.so
b785f000-b7860000 rw-p 00000000 00:00 0 
b7860000-b7861000 r--p 00000000 00:00 0 
b7861000-b786c000 r-xp 00000000 08:03 36687      /usr/lib/jvm/java-6-openjdk/jre/lib/i386/libverify.so
b786c000-b786d000 rw-p 0000b000 08:03 36687      /usr/lib/jvm/java-6-openjdk/jre/lib/i386/libverify.so
b786d000-b786e000 rw-p 00000000 00:00 0 
b786e000-b786f000 r-xp 00000000 00:00 0          [vdso]
b786f000-b788d000 r-xp 00000000 08:03 131236     /lib/ld-2.13.so
b788d000-b788e000 r--p 0001d000 08:03 131236     /lib/ld-2.13.so
b788e000-b788f000 rw-p 0001e000 08:03 131236     /lib/ld-2.13.so
bfbae000-bfbcf000 rw-p 00000000 00:00 0          [stack]

VM Arguments:
jvm_args: -Dfile.encoding=UTF-8 -Xbootclasspath:/home/tim/Downloads/android-sdk-linux_x86/platforms/android-8/android.jar 
java_command: api.forum.Tester
Launcher Type: SUN_STANDARD

Environment Variables:
JAVA_HOME=/usr/lib/jvm/java-6-openjdk
PATH=/usr/local/bin:/usr/bin:/bin:/usr/local/sbin:/usr/sbin:/sbin:/opt/android-sdk/tools:/opt/kde/bin:/usr/bin/core_perl:/opt/qt/bin
LD_LIBRARY_PATH=/usr/lib/jvm/java-6-openjdk/jre/lib/i386/server:/usr/lib/jvm/java-6-openjdk/jre/lib/i386:/usr/lib/jvm/java-6-openjdk/jre/../lib/i386:/usr/lib/jvm/java-6-openjdk/jre/lib/i386/client:/usr/lib/jvm/java-6-openjdk/jre/lib/i386:
SHELL=/bin/bash
DISPLAY=:0.0

Signal Handlers:
SIGSEGV: [libjvm.so+0x6be210], sa_mask[0]=0x7ffbfeff, sa_flags=0x10000004
SIGBUS: [libjvm.so+0x6be210], sa_mask[0]=0x7ffbfeff, sa_flags=0x10000004
SIGFPE: [libjvm.so+0x564c60], sa_mask[0]=0x7ffbfeff, sa_flags=0x10000004
SIGPIPE: [libjvm.so+0x564c60], sa_mask[0]=0x7ffbfeff, sa_flags=0x10000004
SIGXFSZ: [libjvm.so+0x564c60], sa_mask[0]=0x7ffbfeff, sa_flags=0x10000004
SIGILL: [libjvm.so+0x564c60], sa_mask[0]=0x7ffbfeff, sa_flags=0x10000004
SIGUSR1: SIG_DFL, sa_mask[0]=0x00000000, sa_flags=0x00000000
SIGUSR2: [libjvm.so+0x564ad0], sa_mask[0]=0x00000004, sa_flags=0x10000004
SIGHUP: SIG_DFL, sa_mask[0]=0x00000000, sa_flags=0x00000000
SIGINT: SIG_DFL, sa_mask[0]=0x00000000, sa_flags=0x00000000
SIGTERM: SIG_DFL, sa_mask[0]=0x00000000, sa_flags=0x00000000
SIGQUIT: SIG_DFL, sa_mask[0]=0x00000000, sa_flags=0x00000000


---------------  S Y S T E M  ---------------

OS:Linux
uname:Linux 2.6.38-ARCH #1 SMP PREEMPT Mon May 23 20:04:02 UTC 2011 i686
libc:glibc 2.13 NPTL 2.13 
rlimit: STACK 8192k, CORE 0k, NPROC 16012, NOFILE 1024, AS infinity
load average:0.17 0.18 0.16

/proc/meminfo:
MemTotal:        2051720 kB
MemFree:         1016816 kB
Buffers:           49088 kB
Cached:           445792 kB
SwapCached:            0 kB
Active:           639692 kB
Inactive:         346456 kB
Active(anon):     533144 kB
Inactive(anon):    33560 kB
Active(file):     106548 kB
Inactive(file):   312896 kB
Unevictable:           0 kB
Mlocked:               0 kB
HighTotal:       1175848 kB
HighFree:         303128 kB
LowTotal:         875872 kB
LowFree:          713688 kB
SwapTotal:        530140 kB
SwapFree:         530140 kB
Dirty:                68 kB
Writeback:             0 kB
AnonPages:        491508 kB
Mapped:            85352 kB
Shmem:             75320 kB
Slab:              28976 kB
SReclaimable:      16484 kB
SUnreclaim:        12492 kB
KernelStack:        2184 kB
PageTables:         4092 kB
NFS_Unstable:          0 kB
Bounce:                0 kB
WritebackTmp:          0 kB
CommitLimit:     1556000 kB
Committed_AS:    1341988 kB
VmallocTotal:     122880 kB
VmallocUsed:       16448 kB
VmallocChunk:      81368 kB
HardwareCorrupted:     0 kB
AnonHugePages:    163840 kB
HugePages_Total:       0
HugePages_Free:        0
HugePages_Rsvd:        0
HugePages_Surp:        0
Hugepagesize:       4096 kB
DirectMap4k:       20472 kB
DirectMap4M:      888832 kB


CPU:total 2 (1 cores per cpu, 2 threads per core) family 6 model 28 stepping 10, cmov, cx8, fxsr, mmx, sse, sse2, sse3, ssse3, ht

Memory: 4k page, physical 2051720k(1016816k free), swap 530140k(530140k free)

vm_info: OpenJDK Server VM (19.0-b09) for linux-x86 JRE (1.6.0_22-b22), built on Apr  4 2011 16:59:34 by "nobody" with gcc 4.5.2 20110127 (prerelease)

time: Sat Jul  2 03:00:32 2011
elapsed time: 0 seconds

