#
# A fatal error has been detected by the Java Runtime Environment:
#
#  Internal Error (classFileParser.cpp:3375), pid=9728, tid=3063782256
#  Error: ShouldNotReachHere()
#
# JRE version: 6.0_22-b22
# Java VM: OpenJDK Server VM (19.0-b09 mixed mode linux-x86 )
# Derivative: IcedTea6 1.10.1
# Distribution: Custom build (Mon Apr  4 16:56:33 UTC 2011)
# If you would like to submit a bug report, please include
# instructions how to reproduce the bug and visit:
#   http://icedtea.classpath.org/bugzilla
#

---------------  T H R E A D  ---------------

Current thread (0x08ab5c00):  JavaThread "Unknown thread" [_thread_in_vm, id=9733, stack(0xb6989000,0xb69da000)]

Stack: [0xb6989000,0xb69da000],  sp=0xb69d8750,  free space=317k
Native frames: (J=compiled Java code, j=interpreted, Vv=VM code, C=native code)
V  [libjvm.so+0x6bd54e]
V  [libjvm.so+0x6bd79b]
V  [libjvm.so+0x2c91bf]
V  [libjvm.so+0x2c9306]
V  [libjvm.so+0x260770]
V  [libjvm.so+0x2651d8]
V  [libjvm.so+0x648180]
V  [libjvm.so+0x64665e]
V  [libjvm.so+0x6470e1]
V  [libjvm.so+0x6488f1]
V  [libjvm.so+0x6489ec]
V  [libjvm.so+0x648a9f]
V  [libjvm.so+0x648b0e]
V  [libjvm.so+0x64c1ce]
V  [libjvm.so+0x648bfd]
V  [libjvm.so+0x648f20]
V  [libjvm.so+0x69402d]
V  [libjvm.so+0x694a17]
V  [libjvm.so+0x38ca5a]
V  [libjvm.so+0x67f98a]
V  [libjvm.so+0x3df24f]
C  [java+0x1938]  JavaMain+0x88
C  [libpthread.so.0+0x6c77]


---------------  P R O C E S S  ---------------

Java Threads: ( => current thread )

Other Threads:

=>0x08ab5c00 (exited) JavaThread "Unknown thread" [_thread_in_vm, id=9733, stack(0xb6989000,0xb69da000)]

VM state:not at safepoint (not fully initialized)

VM Mutex/Monitor currently owned by a thread: None

Dynamic libraries:
08048000-08050000 r-xp 00000000 08:03 42809      /usr/lib/jvm/java-6-openjdk/bin/java
08050000-08051000 rw-p 00008000 08:03 42809      /usr/lib/jvm/java-6-openjdk/bin/java
08aaf000-08b15000 rw-p 00000000 00:00 0          [heap]
8b4bd000-8b522000 r--s 004cb000 08:04 398273     /home/tim/Downloads/android-sdk-linux_x86/platforms/android-8/android.jar
8b522000-8b523000 ---p 00000000 00:00 0 
8b523000-8b5a3000 rw-p 00000000 00:00 0 
8b5a3000-8b5a4000 ---p 00000000 00:00 0 
8b5a4000-8b62c000 rw-p 00000000 00:00 0 
8b62c000-8b664000 rw-p 00000000 00:00 0 
8b664000-8b66f000 rw-p 00000000 00:00 0 
8b66f000-8b70f000 rw-p 00000000 00:00 0 
8b70f000-8b717000 rw-p 00000000 00:00 0 
8b717000-8b74f000 rw-p 00000000 00:00 0 
8b74f000-8b75a000 rw-p 00000000 00:00 0 
8b75a000-8b7f9000 rw-p 00000000 00:00 0 
8b7f9000-8b7ff000 rw-p 00000000 00:00 0 
8b7ff000-8b84f000 rw-p 00000000 00:00 0 
8b84f000-8c850000 rw-p 00000000 00:00 0 
8c850000-93850000 rw-p 00000000 00:00 0 
93850000-94d30000 rw-p 00000000 00:00 0 
94d30000-a8db0000 rw-p 00000000 00:00 0 
a8db0000-a9820000 rw-p 00000000 00:00 0 
a9820000-b3850000 rw-p 00000000 00:00 0 
b3857000-b3860000 rw-p 00000000 00:00 0 
b3860000-b3917000 rw-p 00000000 00:00 0 
b3917000-b3b57000 rwxp 00000000 00:00 0 
b3b57000-b6917000 rw-p 00000000 00:00 0 
b6917000-b6922000 r-xp 00000000 08:03 131243     /lib/libnss_files-2.13.so
b6922000-b6923000 r--p 0000a000 08:03 131243     /lib/libnss_files-2.13.so
b6923000-b6924000 rw-p 0000b000 08:03 131243     /lib/libnss_files-2.13.so
b6924000-b6939000 r-xp 00000000 08:03 131230     /lib/libnsl-2.13.so
b6939000-b693a000 r--p 00015000 08:03 131230     /lib/libnsl-2.13.so
b693a000-b693b000 rw-p 00016000 08:03 131230     /lib/libnsl-2.13.so
b693b000-b693d000 rw-p 00000000 00:00 0 
b694a000-b6951000 r-xp 00000000 08:03 36722      /usr/lib/jvm/java-6-openjdk/jre/lib/i386/libzip.so
b6951000-b6952000 rw-p 00006000 08:03 36722      /usr/lib/jvm/java-6-openjdk/jre/lib/i386/libzip.so
b6952000-b695a000 rw-s 00000000 08:03 406988     /tmp/hsperfdata_tim/9728
b695a000-b697e000 r-xp 00000000 08:03 36730      /usr/lib/jvm/java-6-openjdk/jre/lib/i386/libjava.so
b697e000-b6980000 rw-p 00023000 08:03 36730      /usr/lib/jvm/java-6-openjdk/jre/lib/i386/libjava.so
b6980000-b6987000 r-xp 00000000 08:03 135199     /lib/librt-2.13.so
b6987000-b6988000 r--p 00006000 08:03 135199     /lib/librt-2.13.so
b6988000-b6989000 rw-p 00007000 08:03 135199     /lib/librt-2.13.so
b6989000-b698c000 ---p 00000000 00:00 0 
b698c000-b69da000 rw-p 00000000 00:00 0 
b69da000-b69f6000 r-xp 00000000 08:03 296008     /usr/lib/libgcc_s.so.1
b69f6000-b69f7000 rw-p 0001b000 08:03 296008     /usr/lib/libgcc_s.so.1
b69f7000-b6a1f000 r-xp 00000000 08:03 131188     /lib/libm-2.13.so
b6a1f000-b6a20000 r--p 00027000 08:03 131188     /lib/libm-2.13.so
b6a20000-b6a21000 rw-p 00028000 08:03 131188     /lib/libm-2.13.so
b6a21000-b6b03000 r-xp 00000000 08:03 273250     /usr/lib/libstdc++.so.6.0.16
b6b03000-b6b07000 r--p 000e1000 08:03 273250     /usr/lib/libstdc++.so.6.0.16
b6b07000-b6b08000 rw-p 000e5000 08:03 273250     /usr/lib/libstdc++.so.6.0.16
b6b08000-b6b0f000 rw-p 00000000 00:00 0 
b6b0f000-b723a000 r-xp 00000000 08:03 36760      /usr/lib/jvm/java-6-openjdk/jre/lib/i386/server/libjvm.so
b723a000-b728d000 rw-p 0072b000 08:03 36760      /usr/lib/jvm/java-6-openjdk/jre/lib/i386/server/libjvm.so
b728d000-b76a8000 rw-p 00000000 00:00 0 
b76a8000-b7807000 r-xp 00000000 08:03 131189     /lib/libc-2.13.so
b7807000-b7808000 ---p 0015f000 08:03 131189     /lib/libc-2.13.so
b7808000-b780a000 r--p 0015f000 08:03 131189     /lib/libc-2.13.so
b780a000-b780b000 rw-p 00161000 08:03 131189     /lib/libc-2.13.so
b780b000-b780e000 rw-p 00000000 00:00 0 
b780e000-b7811000 r-xp 00000000 08:03 131165     /lib/libdl-2.13.so
b7811000-b7812000 r--p 00002000 08:03 131165     /lib/libdl-2.13.so
b7812000-b7813000 rw-p 00003000 08:03 131165     /lib/libdl-2.13.so
b7813000-b7814000 rw-p 00000000 00:00 0 
b7814000-b7817000 r-xp 00000000 08:03 40469      /usr/lib/jvm/java-6-openjdk/jre/lib/i386/jli/libjli.so
b7817000-b7818000 rw-p 00003000 08:03 40469      /usr/lib/jvm/java-6-openjdk/jre/lib/i386/jli/libjli.so
b7818000-b782f000 r-xp 00000000 08:03 131184     /lib/libpthread-2.13.so
b782f000-b7830000 r--p 00016000 08:03 131184     /lib/libpthread-2.13.so
b7830000-b7831000 rw-p 00017000 08:03 131184     /lib/libpthread-2.13.so
b7831000-b7833000 rw-p 00000000 00:00 0 
b7833000-b7847000 r-xp 00000000 08:03 274255     /usr/lib/libz.so.1.2.5
b7847000-b7848000 rw-p 00013000 08:03 274255     /usr/lib/libz.so.1.2.5
b784f000-b7856000 r-xp 00000000 08:03 36766      /usr/lib/jvm/java-6-openjdk/jre/lib/i386/native_threads/libhpi.so
b7856000-b7857000 rw-p 00006000 08:03 36766      /usr/lib/jvm/java-6-openjdk/jre/lib/i386/native_threads/libhpi.so
b7857000-b7858000 rw-p 00000000 00:00 0 
b7858000-b7859000 r--p 00000000 00:00 0 
b7859000-b7864000 r-xp 00000000 08:03 36687      /usr/lib/jvm/java-6-openjdk/jre/lib/i386/libverify.so
b7864000-b7865000 rw-p 0000b000 08:03 36687      /usr/lib/jvm/java-6-openjdk/jre/lib/i386/libverify.so
b7865000-b7866000 rw-p 00000000 00:00 0 
b7866000-b7867000 r-xp 00000000 00:00 0          [vdso]
b7867000-b7885000 r-xp 00000000 08:03 131236     /lib/ld-2.13.so
b7885000-b7886000 r--p 0001d000 08:03 131236     /lib/ld-2.13.so
b7886000-b7887000 rw-p 0001e000 08:03 131236     /lib/ld-2.13.so
bfbda000-bfbfb000 rw-p 00000000 00:00 0          [stack]

VM Arguments:
jvm_args: -Dfile.encoding=UTF-8 -Xbootclasspath:/home/tim/Downloads/android-sdk-linux_x86/platforms/android-8/android.jar 
java_command: api.forum.Tester
Launcher Type: SUN_STANDARD

Environment Variables:
JAVA_HOME=/usr/lib/jvm/java-6-openjdk
PATH=/usr/local/bin:/usr/bin:/bin:/usr/local/sbin:/usr/sbin:/sbin:/opt/android-sdk/tools:/opt/kde/bin:/usr/bin/core_perl:/opt/qt/bin
LD_LIBRARY_PATH=/usr/lib/jvm/java-6-openjdk/jre/lib/i386/server:/usr/lib/jvm/java-6-openjdk/jre/lib/i386:/usr/lib/jvm/java-6-openjdk/jre/../lib/i386:/usr/lib/jvm/java-6-openjdk/jre/lib/i386/client:/usr/lib/jvm/java-6-openjdk/jre/lib/i386:
SHELL=/bin/bash
DISPLAY=:0.0

Signal Handlers:
SIGSEGV: [libjvm.so+0x6be210], sa_mask[0]=0x7ffbfeff, sa_flags=0x10000004
SIGBUS: [libjvm.so+0x6be210], sa_mask[0]=0x7ffbfeff, sa_flags=0x10000004
SIGFPE: [libjvm.so+0x564c60], sa_mask[0]=0x7ffbfeff, sa_flags=0x10000004
SIGPIPE: [libjvm.so+0x564c60], sa_mask[0]=0x7ffbfeff, sa_flags=0x10000004
SIGXFSZ: [libjvm.so+0x564c60], sa_mask[0]=0x7ffbfeff, sa_flags=0x10000004
SIGILL: [libjvm.so+0x564c60], sa_mask[0]=0x7ffbfeff, sa_flags=0x10000004
SIGUSR1: SIG_DFL, sa_mask[0]=0x00000000, sa_flags=0x00000000
SIGUSR2: [libjvm.so+0x564ad0], sa_mask[0]=0x00000004, sa_flags=0x10000004
SIGHUP: SIG_DFL, sa_mask[0]=0x00000000, sa_flags=0x00000000
SIGINT: SIG_DFL, sa_mask[0]=0x00000000, sa_flags=0x00000000
SIGTERM: SIG_DFL, sa_mask[0]=0x00000000, sa_flags=0x00000000
SIGQUIT: SIG_DFL, sa_mask[0]=0x00000000, sa_flags=0x00000000


---------------  S Y S T E M  ---------------

OS:Linux
uname:Linux 2.6.38-ARCH #1 SMP PREEMPT Mon May 23 20:04:02 UTC 2011 i686
libc:glibc 2.13 NPTL 2.13 
rlimit: STACK 8192k, CORE 0k, NPROC 16012, NOFILE 1024, AS infinity
load average:0.55 0.28 0.25

/proc/meminfo:
MemTotal:        2051720 kB
MemFree:          711288 kB
Buffers:           57456 kB
Cached:           462892 kB
SwapCached:            0 kB
Active:           740944 kB
Inactive:         549228 kB
Active(anon):     608240 kB
Inactive(anon):   225660 kB
Active(file):     132704 kB
Inactive(file):   323568 kB
Unevictable:           0 kB
Mlocked:               0 kB
HighTotal:       1175848 kB
HighFree:         316396 kB
LowTotal:         875872 kB
LowFree:          394892 kB
SwapTotal:        530140 kB
SwapFree:         530140 kB
Dirty:               740 kB
Writeback:             0 kB
AnonPages:        769932 kB
Mapped:            92072 kB
Shmem:             64068 kB
Slab:              30140 kB
SReclaimable:      17184 kB
SUnreclaim:        12956 kB
KernelStack:        2312 kB
PageTables:         4480 kB
NFS_Unstable:          0 kB
Bounce:                0 kB
WritebackTmp:          0 kB
CommitLimit:     1556000 kB
Committed_AS:    1675808 kB
VmallocTotal:     122880 kB
VmallocUsed:       16436 kB
VmallocChunk:      49040 kB
HardwareCorrupted:     0 kB
AnonHugePages:    442368 kB
HugePages_Total:       0
HugePages_Free:        0
HugePages_Rsvd:        0
HugePages_Surp:        0
Hugepagesize:       4096 kB
DirectMap4k:       20472 kB
DirectMap4M:      888832 kB


CPU:total 2 (1 cores per cpu, 2 threads per core) family 6 model 28 stepping 10, cmov, cx8, fxsr, mmx, sse, sse2, sse3, ssse3, ht

Memory: 4k page, physical 2051720k(711164k free), swap 530140k(530140k free)

vm_info: OpenJDK Server VM (19.0-b09) for linux-x86 JRE (1.6.0_22-b22), built on Apr  4 2011 16:59:34 by "nobody" with gcc 4.5.2 20110127 (prerelease)

time: Sat Jul  2 04:24:22 2011
elapsed time: 0 seconds

